TN:
SF:src/FundMe.sol
FN:58,FundMe.
FNDA:0,FundMe.
DA:59,0
FN:68,FundMe.fund
FNDA:22,FundMe.fund
DA:69,31
DA:70,31
FN:73,FundMe.withdraw
FNDA:2,FundMe.withdraw
DA:74,1
DA:76,1
DA:78,1
DA:79,0
DA:81,1
DA:83,1
DA:86,1
BRDA:86,0,0,-
BRDA:86,0,1,1
DA:88,0
FN:94,FundMe.getConversionRate
FNDA:1,FundMe.getConversionRate
DA:97,1
FN:100,FundMe.getPrice
FNDA:1,FundMe.getPrice
DA:101,1
FN:104,FundMe.getVersion
FNDA:1,FundMe.getVersion
DA:105,1
FN:108,FundMe.getAddressAmountFunded
FNDA:31,FundMe.getAddressAmountFunded
DA:111,31
FN:114,FundMe.getFunder
FNDA:31,FundMe.getFunder
DA:115,31
FN:118,FundMe.getFundersLength
FNDA:32,FundMe.getFundersLength
DA:119,32
FN:122,FundMe.getOwner
FNDA:13,FundMe.getOwner
DA:123,13
FN:126,FundMe.getPriceFeed
FNDA:1,FundMe.getPriceFeed
DA:127,1
FN:130,FundMe.getMinimumUSD
FNDA:1,FundMe.getMinimumUSD
DA:131,1
FNF:12
FNH:11
LF:20
LH:17
BRF:2
BRH:1
end_of_record
TN:
SF:src/PriceConverter.sol
FN:7,PriceConverter.getPrice
FNDA:34,PriceConverter.getPrice
DA:10,34
DA:12,34
FN:15,PriceConverter.getConversionRate
FNDA:33,PriceConverter.getConversionRate
DA:19,33
DA:20,33
DA:22,33
FNF:2
FNH:2
LF:5
LH:5
BRF:0
BRH:0
end_of_record
TN:
SF:src/mocks/MockPriceConverter.sol
FN:7,MockPriceConverter.getPrice
FNDA:1,MockPriceConverter.getPrice
DA:10,2
DA:12,2
FN:15,MockPriceConverter.getConversionRate
FNDA:1,MockPriceConverter.getConversionRate
DA:19,1
DA:20,1
DA:22,1
FNF:2
FNH:2
LF:5
LH:5
BRF:0
BRH:0
end_of_record
